<?xml version="1.0" encoding="UTF-8"?>
<robot generator="Robot 6.1.1 (Python 3.11.4 on win32)" generated="20230807 16:50:39.209" rpa="false" schemaversion="4">
<suite id="s1" name="Amazon Teste" source="d:\Arquivos Usuario\OneDrive - Precisão Sistemas\Documentos\GitHub\Robot-Framework-Estudos\WebTesting\amazon_teste.robot">
<test id="s1-t1" name="Caso de Teste 02 - Pesquisa de um Produto" line="26">
<kw name="Abrir o navegador" library="amazon_resources" type="SETUP">
<kw name="Open Browser" library="SeleniumLibrary">
<arg>browser=chrome</arg>
<doc>Opens a new browser instance to the optional ``url``.</doc>
<msg timestamp="20230807 16:50:39.517" level="INFO">Opening browser 'chrome' to base url 'None'.</msg>
<status status="PASS" starttime="20230807 16:50:39.517" endtime="20230807 16:50:41.303"/>
</kw>
<kw name="Maximize Browser Window" library="SeleniumLibrary">
<doc>Maximizes current browser window.</doc>
<status status="PASS" starttime="20230807 16:50:41.303" endtime="20230807 16:50:41.428"/>
</kw>
<status status="PASS" starttime="20230807 16:50:39.515" endtime="20230807 16:50:41.428"/>
</kw>
<kw name="Acessar a home page do site Amazon.com.br" library="amazon_resources">
<kw name="Go To" library="SeleniumLibrary">
<arg>${URL}</arg>
<doc>Navigates the current browser window to the provided ``url``.</doc>
<msg timestamp="20230807 16:50:41.431" level="INFO">Opening url 'https://www.amazon.com.br/'</msg>
<status status="PASS" starttime="20230807 16:50:41.430" endtime="20230807 16:50:43.815"/>
</kw>
<kw name="Wait Until Element Is Visible" library="SeleniumLibrary">
<arg>${MENU_ELETRONICOS}</arg>
<doc>Waits until the element ``locator`` is visible.</doc>
<status status="PASS" starttime="20230807 16:50:43.816" endtime="20230807 16:50:43.878"/>
</kw>
<status status="PASS" starttime="20230807 16:50:41.429" endtime="20230807 16:50:43.878"/>
</kw>
<kw name="Digitar o nome de produto &quot;${PRODUTO}&quot; no campo de pesquisa" library="amazon_resources" sourcename="Digitar o nome de produto &quot;${PRODUTO}&quot; no campo de pesquisa">
<kw name="Input Text" library="SeleniumLibrary">
<arg>${TEXTO_PESQUISA}</arg>
<arg>${PRODUTO}</arg>
<doc>Types the given ``text`` into the text field identified by ``locator``.</doc>
<msg timestamp="20230807 16:50:43.882" level="INFO">Typing text 'Xbox Series S' into text field 'twotabsearchtextbox'.</msg>
<status status="PASS" starttime="20230807 16:50:43.880" endtime="20230807 16:50:44.125"/>
</kw>
<status status="PASS" starttime="20230807 16:50:43.879" endtime="20230807 16:50:44.126"/>
</kw>
<kw name="Clicar no botão de pesquisa" library="amazon_resources">
<kw name="Click Element" library="SeleniumLibrary">
<arg>//input[contains(@type,'submit')]</arg>
<doc>Click the element identified by ``locator``.</doc>
<msg timestamp="20230807 16:50:44.129" level="INFO">Clicking element '//input[contains(@type,'submit')]'.</msg>
<status status="PASS" starttime="20230807 16:50:44.128" endtime="20230807 16:50:46.550"/>
</kw>
<status status="PASS" starttime="20230807 16:50:44.127" endtime="20230807 16:50:46.550"/>
</kw>
<kw name="Verificar o resultado da pesquisa se está listando &quot;${PRODUTO}&quot;" library="amazon_resources" sourcename="Verificar o resultado da pesquisa se está listando &quot;${PRODUTO}&quot;">
<kw name="Wait Until Page Contains" library="SeleniumLibrary">
<arg>${PRODUTO}</arg>
<doc>Waits until ``text`` appears on the current page.</doc>
<status status="PASS" starttime="20230807 16:50:46.553" endtime="20230807 16:50:46.616"/>
</kw>
<kw name="Capture Page Screenshot" library="SeleniumLibrary">
<doc>Takes a screenshot of the current page and embeds it into a log file.</doc>
<msg timestamp="20230807 16:50:46.958" level="INFO" html="true">&lt;/td&gt;&lt;/tr&gt;&lt;tr&gt;&lt;td colspan="3"&gt;&lt;a href="selenium-screenshot-1.png"&gt;&lt;img src="selenium-screenshot-1.png" width="800px"&gt;&lt;/a&gt;</msg>
<status status="PASS" starttime="20230807 16:50:46.617" endtime="20230807 16:50:46.958"/>
</kw>
<status status="PASS" starttime="20230807 16:50:46.552" endtime="20230807 16:50:46.958"/>
</kw>
<kw name="Fechar o navegador" library="amazon_resources" type="TEARDOWN">
<kw name="Close Browser" library="SeleniumLibrary">
<doc>Closes the current browser.</doc>
<status status="PASS" starttime="20230807 16:50:46.960" endtime="20230807 16:50:49.183"/>
</kw>
<status status="PASS" starttime="20230807 16:50:46.959" endtime="20230807 16:50:49.183"/>
</kw>
<doc>Esse teste verifica a busca do produto "Xbox Series S" no campo de pesquisa
E verifica se o produto pesquisado está no resultado da pesquisa</doc>
<tag>busca_produtos</tag>
<tag>lista_da_busca</tag>
<status status="PASS" starttime="20230807 16:50:39.514" endtime="20230807 16:50:49.184"/>
</test>
<doc>Essa suite testa o site da amazon.com.br</doc>
<status status="PASS" starttime="20230807 16:50:39.215" endtime="20230807 16:50:49.187"/>
</suite>
<statistics>
<total>
<stat pass="1" fail="0" skip="0">All Tests</stat>
</total>
<tag>
<stat pass="1" fail="0" skip="0">busca_produtos</stat>
<stat pass="1" fail="0" skip="0">lista_da_busca</stat>
</tag>
<suite>
<stat pass="1" fail="0" skip="0" id="s1" name="Amazon Teste">Amazon Teste</stat>
</suite>
</statistics>
<errors>
</errors>
</robot>
