<?xml version="1.0" encoding="UTF-8"?>
<robot generator="Robot 6.1.1 (Python 3.11.4 on win32)" generated="20230808 13:37:32.784" rpa="false" schemaversion="4">
<suite id="s1" name="Amazon Teste" source="d:\Arquivos Usuario\OneDrive - Precisão Sistemas\Documentos\GitHub\Robot-Framework-Estudos\WebTesting\amazon_teste.robot">
<test id="s1-t1" name="Caso de Teste 01 - Acesso ao menu &quot;Eletrônicos&quot;" line="15">
<kw name="Abrir o navegador" library="amazon_resources" type="SETUP">
<kw name="Open Browser" library="SeleniumLibrary">
<arg>browser=chrome</arg>
<doc>Opens a new browser instance to the optional ``url``.</doc>
<msg timestamp="20230808 13:37:33.070" level="INFO">Opening browser 'chrome' to base url 'None'.</msg>
<status status="PASS" starttime="20230808 13:37:33.070" endtime="20230808 13:37:34.851"/>
</kw>
<kw name="Maximize Browser Window" library="SeleniumLibrary">
<doc>Maximizes current browser window.</doc>
<status status="PASS" starttime="20230808 13:37:34.851" endtime="20230808 13:37:34.973"/>
</kw>
<status status="PASS" starttime="20230808 13:37:33.069" endtime="20230808 13:37:34.973"/>
</kw>
<kw name="Dado que estou na home page da Amazon.com.br" library="amazon_resources">
<kw name="Acessar a home page do site Amazon.com.br" library="amazon_resources">
<kw name="Go To" library="SeleniumLibrary">
<arg>${URL}</arg>
<doc>Navigates the current browser window to the provided ``url``.</doc>
<msg timestamp="20230808 13:37:34.975" level="INFO">Opening url 'https://www.amazon.com.br/'</msg>
<status status="PASS" starttime="20230808 13:37:34.975" endtime="20230808 13:37:37.311"/>
</kw>
<kw name="Wait Until Element Is Visible" library="SeleniumLibrary">
<arg>${MENU_ELETRONICOS}</arg>
<doc>Waits until the element ``locator`` is visible.</doc>
<status status="PASS" starttime="20230808 13:37:37.311" endtime="20230808 13:37:37.579"/>
</kw>
<status status="PASS" starttime="20230808 13:37:34.975" endtime="20230808 13:37:37.580"/>
</kw>
<kw name="Verificar se o título da página fica &quot;Amazon.com.br | Tudo pra você, de A a Z.&quot;" library="amazon_resources" sourcename="Verificar se o título da página fica &quot;${TITULO}&quot;">
<kw name="Title Should Be" library="SeleniumLibrary">
<arg>${TITULO}</arg>
<doc>Verifies that the current page title equals ``title``.</doc>
<msg timestamp="20230808 13:37:37.607" level="INFO">Page title is 'Amazon.com.br | Tudo pra você, de A a Z.'.</msg>
<status status="PASS" starttime="20230808 13:37:37.581" endtime="20230808 13:37:37.608"/>
</kw>
<status status="PASS" starttime="20230808 13:37:37.580" endtime="20230808 13:37:37.608"/>
</kw>
<status status="PASS" starttime="20230808 13:37:34.974" endtime="20230808 13:37:37.608"/>
</kw>
<kw name="Quando acessar o menu &quot;Eletrônicos&quot;" library="amazon_resources">
<kw name="Entrar no menu &quot;Eletrônicos&quot;" library="amazon_resources">
<kw name="Click Element" library="SeleniumLibrary">
<arg>${MENU_ELETRONICOS}</arg>
<doc>Click the element identified by ``locator``.</doc>
<msg timestamp="20230808 13:37:37.611" level="INFO">Clicking element '//a[@href='/Eletronicos-e-Tecnologia/b/?ie=UTF8&amp;node=16209062011&amp;ref_=nav_cs_electronics'][contains(.,'Eletrônicos')]'.</msg>
<status status="PASS" starttime="20230808 13:37:37.610" endtime="20230808 13:37:39.693"/>
</kw>
<status status="PASS" starttime="20230808 13:37:37.609" endtime="20230808 13:37:39.693"/>
</kw>
<status status="PASS" starttime="20230808 13:37:37.609" endtime="20230808 13:37:39.693"/>
</kw>
<kw name="Então o título da página deve ficar &quot;Eletrônicos e Tecnologia | Amazon.com.br&quot;" library="amazon_resources">
<kw name="Verificar se o título da página fica &quot;Eletrônicos e Tecnologia | Amazon.com.br&quot;" library="amazon_resources" sourcename="Verificar se o título da página fica &quot;${TITULO}&quot;">
<kw name="Title Should Be" library="SeleniumLibrary">
<arg>${TITULO}</arg>
<doc>Verifies that the current page title equals ``title``.</doc>
<msg timestamp="20230808 13:37:39.731" level="INFO">Page title is 'Eletrônicos e Tecnologia | Amazon.com.br'.</msg>
<status status="PASS" starttime="20230808 13:37:39.695" endtime="20230808 13:37:39.731"/>
</kw>
<status status="PASS" starttime="20230808 13:37:39.694" endtime="20230808 13:37:39.731"/>
</kw>
<status status="PASS" starttime="20230808 13:37:39.694" endtime="20230808 13:37:39.731"/>
</kw>
<kw name="E o texto &quot;Eletrônicos e Tecnologia&quot; deve ser exibido na página" library="amazon_resources">
<kw name="Verificar se aparece a frase &quot;Eletrônicos e Tecnologia&quot;" library="amazon_resources">
<kw name="Wait Until Element Is Visible" library="SeleniumLibrary">
<arg>${TEXTO_ELETRONICOS}</arg>
<doc>Waits until the element ``locator`` is visible.</doc>
<status status="PASS" starttime="20230808 13:37:39.732" endtime="20230808 13:37:39.838"/>
</kw>
<status status="PASS" starttime="20230808 13:37:39.732" endtime="20230808 13:37:39.838"/>
</kw>
<status status="PASS" starttime="20230808 13:37:39.732" endtime="20230808 13:37:39.838"/>
</kw>
<kw name="E a categoria &quot;Computadores e Informática&quot; deve ser exibida na página" library="amazon_resources">
<kw name="Verificar se aparece a categoria &quot;Computadores e Informática&quot;" library="amazon_resources" sourcename="Verificar se aparece a categoria &quot;${CATEGORIA_NOME}&quot;">
<kw name="Element Should Be Visible" library="SeleniumLibrary">
<arg>//a[@aria-label='${CATEGORIA_NOME}']</arg>
<doc>Verifies that the element identified by ``locator`` is visible.</doc>
<msg timestamp="20230808 13:37:39.954" level="INFO">Element '//a[@aria-label='Computadores e Informática']' is displayed.</msg>
<status status="PASS" starttime="20230808 13:37:39.840" endtime="20230808 13:37:39.954"/>
</kw>
<status status="PASS" starttime="20230808 13:37:39.839" endtime="20230808 13:37:39.954"/>
</kw>
<status status="PASS" starttime="20230808 13:37:39.839" endtime="20230808 13:37:39.954"/>
</kw>
<kw name="Fechar o navegador" library="amazon_resources" type="TEARDOWN">
<kw name="Close Browser" library="SeleniumLibrary">
<doc>Closes the current browser.</doc>
<status status="PASS" starttime="20230808 13:37:39.955" endtime="20230808 13:37:42.136"/>
</kw>
<status status="PASS" starttime="20230808 13:37:39.955" endtime="20230808 13:37:42.136"/>
</kw>
<doc>Esse teste verifica o menu eletrônico do site da amazon.com.br
E verifica a categoria "Computadore e Informática"</doc>
<tag>categorias</tag>
<tag>menus</tag>
<status status="PASS" starttime="20230808 13:37:33.068" endtime="20230808 13:37:42.137"/>
</test>
<test id="s1-t2" name="Caso de Teste 02 - Pesquisa de um Produto" line="26">
<kw name="Abrir o navegador" library="amazon_resources" type="SETUP">
<kw name="Open Browser" library="SeleniumLibrary">
<arg>browser=chrome</arg>
<doc>Opens a new browser instance to the optional ``url``.</doc>
<msg timestamp="20230808 13:37:42.139" level="INFO">Opening browser 'chrome' to base url 'None'.</msg>
<status status="PASS" starttime="20230808 13:37:42.139" endtime="20230808 13:37:43.814"/>
</kw>
<kw name="Maximize Browser Window" library="SeleniumLibrary">
<doc>Maximizes current browser window.</doc>
<status status="PASS" starttime="20230808 13:37:43.814" endtime="20230808 13:37:43.937"/>
</kw>
<status status="PASS" starttime="20230808 13:37:42.139" endtime="20230808 13:37:43.937"/>
</kw>
<kw name="Dado que estou na home page da Amazon.com.br" library="amazon_resources">
<kw name="Acessar a home page do site Amazon.com.br" library="amazon_resources">
<kw name="Go To" library="SeleniumLibrary">
<arg>${URL}</arg>
<doc>Navigates the current browser window to the provided ``url``.</doc>
<msg timestamp="20230808 13:37:43.938" level="INFO">Opening url 'https://www.amazon.com.br/'</msg>
<status status="PASS" starttime="20230808 13:37:43.938" endtime="20230808 13:37:45.556"/>
</kw>
<kw name="Wait Until Element Is Visible" library="SeleniumLibrary">
<arg>${MENU_ELETRONICOS}</arg>
<doc>Waits until the element ``locator`` is visible.</doc>
<status status="PASS" starttime="20230808 13:37:45.556" endtime="20230808 13:37:45.619"/>
</kw>
<status status="PASS" starttime="20230808 13:37:43.938" endtime="20230808 13:37:45.619"/>
</kw>
<kw name="Verificar se o título da página fica &quot;Amazon.com.br | Tudo pra você, de A a Z.&quot;" library="amazon_resources" sourcename="Verificar se o título da página fica &quot;${TITULO}&quot;">
<kw name="Title Should Be" library="SeleniumLibrary">
<arg>${TITULO}</arg>
<doc>Verifies that the current page title equals ``title``.</doc>
<msg timestamp="20230808 13:37:46.622" level="INFO">Page title is 'Amazon.com.br | Tudo pra você, de A a Z.'.</msg>
<status status="PASS" starttime="20230808 13:37:45.621" endtime="20230808 13:37:46.622"/>
</kw>
<status status="PASS" starttime="20230808 13:37:45.620" endtime="20230808 13:37:46.622"/>
</kw>
<status status="PASS" starttime="20230808 13:37:43.937" endtime="20230808 13:37:46.622"/>
</kw>
<kw name="Quando pesquisar pelo produto &quot;${PRODUTO}&quot;" library="amazon_resources" sourcename="Quando pesquisar pelo produto &quot;${PRODUTO}&quot;">
<kw name="Digitar o nome de produto &quot;${PRODUTO}&quot; no campo de pesquisa" library="amazon_resources" sourcename="Digitar o nome de produto &quot;${PRODUTO}&quot; no campo de pesquisa">
<kw name="Input Text" library="SeleniumLibrary">
<arg>${TEXTO_PESQUISA}</arg>
<arg>${PRODUTO}</arg>
<doc>Types the given ``text`` into the text field identified by ``locator``.</doc>
<msg timestamp="20230808 13:37:46.626" level="INFO">Typing text 'Xbox Series S' into text field 'twotabsearchtextbox'.</msg>
<status status="PASS" starttime="20230808 13:37:46.624" endtime="20230808 13:37:47.418"/>
</kw>
<status status="PASS" starttime="20230808 13:37:46.624" endtime="20230808 13:37:47.418"/>
</kw>
<status status="PASS" starttime="20230808 13:37:46.623" endtime="20230808 13:37:47.418"/>
</kw>
<kw name="Então o título da página deve ficar &quot;Amazon.com.br : Xbox Series S&quot;" library="amazon_resources">
<kw name="Verificar se o título da página fica &quot;Amazon.com.br : Xbox Series S&quot;" library="amazon_resources" sourcename="Verificar se o título da página fica &quot;${TITULO}&quot;">
<kw name="Title Should Be" library="SeleniumLibrary">
<arg>${TITULO}</arg>
<doc>Verifies that the current page title equals ``title``.</doc>
<msg timestamp="20230808 13:37:47.785" level="INFO" html="true">&lt;/td&gt;&lt;/tr&gt;&lt;tr&gt;&lt;td colspan="3"&gt;&lt;a href="selenium-screenshot-2.png"&gt;&lt;img src="selenium-screenshot-2.png" width="800px"&gt;&lt;/a&gt;</msg>
<msg timestamp="20230808 13:37:47.785" level="FAIL">Title should have been 'Amazon.com.br : Xbox Series S' but was 'Amazon.com.br | Tudo pra você, de A a Z.'.</msg>
<status status="FAIL" starttime="20230808 13:37:47.420" endtime="20230808 13:37:47.802"/>
</kw>
<status status="FAIL" starttime="20230808 13:37:47.419" endtime="20230808 13:37:47.802"/>
</kw>
<status status="FAIL" starttime="20230808 13:37:47.419" endtime="20230808 13:37:47.802"/>
</kw>
<kw name="E um produto da linha &quot;Xbox Series S&quot; deve ser mostrado na página" library="amazon_resources" sourcename="E um produto da linha &quot;${PRODUTO}&quot; deve ser mostrado na página">
<status status="NOT RUN" starttime="20230808 13:37:47.803" endtime="20230808 13:37:47.803"/>
</kw>
<kw name="Fechar o navegador" library="amazon_resources" type="TEARDOWN">
<kw name="Close Browser" library="SeleniumLibrary">
<doc>Closes the current browser.</doc>
<status status="PASS" starttime="20230808 13:37:47.804" endtime="20230808 13:37:49.951"/>
</kw>
<status status="PASS" starttime="20230808 13:37:47.804" endtime="20230808 13:37:49.951"/>
</kw>
<doc>Esse teste verifica a busca do produto "Xbox Series S" no campo de pesquisa
E verifica se o produto pesquisado está no resultado da pesquisa</doc>
<tag>busca_produtos</tag>
<tag>lista_da_busca</tag>
<status status="FAIL" starttime="20230808 13:37:42.138" endtime="20230808 13:37:49.952">Title should have been 'Amazon.com.br : Xbox Series S' but was 'Amazon.com.br | Tudo pra você, de A a Z.'.</status>
</test>
<doc>Essa suite testa o site da amazon.com.br</doc>
<status status="FAIL" starttime="20230808 13:37:32.786" endtime="20230808 13:37:49.954"/>
</suite>
<statistics>
<total>
<stat pass="1" fail="1" skip="0">All Tests</stat>
</total>
<tag>
<stat pass="0" fail="1" skip="0">busca_produtos</stat>
<stat pass="1" fail="0" skip="0">categorias</stat>
<stat pass="0" fail="1" skip="0">lista_da_busca</stat>
<stat pass="1" fail="0" skip="0">menus</stat>
</tag>
<suite>
<stat pass="1" fail="1" skip="0" id="s1" name="Amazon Teste">Amazon Teste</stat>
</suite>
</statistics>
<errors>
</errors>
</robot>
